2013-04-08 10:09:37,547 - [ERROR] - from com.avaje.ebeaninternal.server.deploy.BeanDescriptorManager in main 
Error in deployment
javax.persistence.PersistenceException: Error on models.Address.warehouse  Can not find mappedBy property [models.Warehouse.warehouse] 
	at com.avaje.ebeaninternal.server.deploy.BeanDescriptorManager.checkMappedByOneToOne(BeanDescriptorManager.java:860) ~[avaje-ebeanorm-server.jar:na]
	at com.avaje.ebeaninternal.server.deploy.BeanDescriptorManager.checkMappedBy(BeanDescriptorManager.java:683) ~[avaje-ebeanorm-server.jar:na]
	at com.avaje.ebeaninternal.server.deploy.BeanDescriptorManager.readEntityRelationships(BeanDescriptorManager.java:624) ~[avaje-ebeanorm-server.jar:na]
	at com.avaje.ebeaninternal.server.deploy.BeanDescriptorManager.deploy(BeanDescriptorManager.java:256) ~[avaje-ebeanorm-server.jar:na]
	at com.avaje.ebeaninternal.server.core.InternalConfiguration.<init>(InternalConfiguration.java:124) [avaje-ebeanorm-server.jar:na]
	at com.avaje.ebeaninternal.server.core.DefaultServerFactory.createServer(DefaultServerFactory.java:210) [avaje-ebeanorm-server.jar:na]
	at com.avaje.ebeaninternal.server.core.DefaultServerFactory.createServer(DefaultServerFactory.java:64) [avaje-ebeanorm-server.jar:na]
	at com.avaje.ebean.EbeanServerFactory.create(EbeanServerFactory.java:59) [avaje-ebeanorm-api.jar:na]
	at play.db.ebean.EbeanPlugin.onStart(EbeanPlugin.java:79) [play-java-ebean_2.10.jar:2.1.0]
	at play.api.Play$$anonfun$start$1$$anonfun$apply$mcV$sp$1.apply(Play.scala:63) [play_2.10.jar:2.1.0]
	at play.api.Play$$anonfun$start$1$$anonfun$apply$mcV$sp$1.apply(Play.scala:63) [play_2.10.jar:2.1.0]
	at scala.collection.immutable.List.foreach(List.scala:309) [scala-library.jar:na]
	at play.api.Play$$anonfun$start$1.apply$mcV$sp(Play.scala:63) [play_2.10.jar:2.1.0]
	at play.api.Play$$anonfun$start$1.apply(Play.scala:63) [play_2.10.jar:2.1.0]
	at play.api.Play$$anonfun$start$1.apply(Play.scala:63) [play_2.10.jar:2.1.0]
	at play.utils.Threads$.withContextClassLoader(Threads.scala:18) [play_2.10.jar:2.1.0]
	at play.api.Play$.start(Play.scala:62) [play_2.10.jar:2.1.0]
	at play.api.Play.start(Play.scala) [play_2.10.jar:2.1.0]
	at play.test.Helpers.start(Helpers.java:350) [play-test_2.10.jar:2.1.0]
	at ModelTest.startApp(ModelTest.java:23) [test-classes/:na]
	at sun.reflect.NativeMethodAccessorImpl.invoke0(Native Method) ~[na:1.7.0_11]
	at sun.reflect.NativeMethodAccessorImpl.invoke(Unknown Source) ~[na:1.7.0_11]
	at sun.reflect.DelegatingMethodAccessorImpl.invoke(Unknown Source) ~[na:1.7.0_11]
	at java.lang.reflect.Method.invoke(Unknown Source) ~[na:1.7.0_11]
	at org.junit.runners.model.FrameworkMethod$1.runReflectiveCall(FrameworkMethod.java:45) [junit-dep.jar:na]
	at org.junit.internal.runners.model.ReflectiveCallable.run(ReflectiveCallable.java:15) [junit-dep.jar:na]
	at org.junit.runners.model.FrameworkMethod.invokeExplosively(FrameworkMethod.java:42) [junit-dep.jar:na]
	at org.junit.internal.runners.statements.RunBefores.evaluate(RunBefores.java:27) [junit-dep.jar:na]
	at org.junit.internal.runners.statements.RunAfters.evaluate(RunAfters.java:30) [junit-dep.jar:na]
	at org.junit.runners.ParentRunner.runLeaf(ParentRunner.java:263) [junit-dep.jar:na]
	at org.junit.runners.BlockJUnit4ClassRunner.runChild(BlockJUnit4ClassRunner.java:68) [junit-dep.jar:na]
	at org.junit.runners.BlockJUnit4ClassRunner.runChild(BlockJUnit4ClassRunner.java:47) [junit-dep.jar:na]
	at org.junit.runners.ParentRunner$3.run(ParentRunner.java:231) [junit-dep.jar:na]
	at org.junit.runners.ParentRunner$1.schedule(ParentRunner.java:60) [junit-dep.jar:na]
	at org.junit.runners.ParentRunner.runChildren(ParentRunner.java:229) [junit-dep.jar:na]
	at org.junit.runners.ParentRunner.access$000(ParentRunner.java:50) [junit-dep.jar:na]
	at org.junit.runners.ParentRunner$2.evaluate(ParentRunner.java:222) [junit-dep.jar:na]
	at org.junit.runners.ParentRunner.run(ParentRunner.java:300) [junit-dep.jar:na]
	at org.junit.runners.Suite.runChild(Suite.java:128) [junit-dep.jar:na]
	at org.junit.runners.Suite.runChild(Suite.java:24) [junit-dep.jar:na]
	at org.junit.runners.ParentRunner$3.run(ParentRunner.java:231) [junit-dep.jar:na]
	at org.junit.runners.ParentRunner$1.schedule(ParentRunner.java:60) [junit-dep.jar:na]
	at org.junit.runners.ParentRunner.runChildren(ParentRunner.java:229) [junit-dep.jar:na]
	at org.junit.runners.ParentRunner.access$000(ParentRunner.java:50) [junit-dep.jar:na]
	at org.junit.runners.ParentRunner$2.evaluate(ParentRunner.java:222) [junit-dep.jar:na]
	at org.junit.runners.ParentRunner.run(ParentRunner.java:300) [junit-dep.jar:na]
	at org.junit.runner.JUnitCore.run(JUnitCore.java:157) [junit-dep.jar:na]
	at org.junit.runner.JUnitCore.run(JUnitCore.java:136) [junit-dep.jar:na]
	at com.novocode.junit.JUnitRunner.run(JUnitRunner.java:84) [junit-interface.jar:0.9]
	at sbt.ForkMain$Run.runTests(ForkMain.java:155) [test-agent-0.12.2.jar:0.12.2]
	at sbt.ForkMain$Run.run(ForkMain.java:169) [test-agent-0.12.2.jar:0.12.2]
	at sbt.ForkMain.main(ForkMain.java:84) [test-agent-0.12.2.jar:0.12.2]

